build/app/intermediates/manifest_merge_blame_file/release/manifest-merger-blame-release-report.txt
1<?xml version="1.0" encoding="utf-8"?>
2<manifest xmlns:android="http://schemas.android.com/apk/res/android"
3    package="com.example.appcsmju"
4    android:versionCode="5"
5    android:versionName="1.0" >
6
7    <uses-sdk
8        android:minSdkVersion="22"
8-->src\main\AndroidManifest.xml
9        android:targetSdkVersion="31" />
9-->src\main\AndroidManifest.xml
10    <!-- Required to fetch data from the internet for the futureSearchFn example. -->
11    <uses-permission android:name="android.permission.INTERNET" />
11-->[:search_choices] AndroidManifest.xml:7:5-67
11-->[:search_choices] AndroidManifest.xml:7:22-64
12    <uses-permission android:name="android.permission.CAMERA" />
12-->[:barcode_scan2] AndroidManifest.xml:7:5-65
12-->[:barcode_scan2] AndroidManifest.xml:7:22-62
13
14    <application
14-->src\main\AndroidManifest.xml:3:4-45:19
15        android:appComponentFactory="androidx.core.app.CoreComponentFactory"
15-->[androidx.core:core:1.6.0] AndroidManifest.xml:24:18-86
16        android:icon="@mipmap/ic_launcher"
16-->src\main\AndroidManifest.xml:5:9-43
17        android:label="CsmjuApp" >
17-->src\main\AndroidManifest.xml:4:9-33
18        <activity
18-->src\main\AndroidManifest.xml:6:9-35:20
19            android:name="com.example.appcsmju.MainActivity"
19-->src\main\AndroidManifest.xml:7:13-41
20            android:configChanges="orientation|keyboardHidden|keyboard|screenSize|smallestScreenSize|locale|layoutDirection|fontScale|screenLayout|density|uiMode"
20-->src\main\AndroidManifest.xml:10:13-163
21            android:hardwareAccelerated="true"
21-->src\main\AndroidManifest.xml:11:13-47
22            android:launchMode="singleTop"
22-->src\main\AndroidManifest.xml:8:13-43
23            android:theme="@style/LaunchTheme"
23-->src\main\AndroidManifest.xml:9:13-47
24            android:windowSoftInputMode="adjustResize" >
24-->src\main\AndroidManifest.xml:12:13-55
25
26            <!--
27                 Specifies an Android theme to apply to this Activity as soon as
28                 the Android process has started. This theme is visible to the user
29                 while the Flutter UI initializes. After that, this theme continues
30                 to determine the Window background behind the Flutter UI.
31            -->
32            <meta-data
32-->src\main\AndroidManifest.xml:18:13-21:17
33                android:name="io.flutter.embedding.android.NormalTheme"
33-->src\main\AndroidManifest.xml:19:15-70
34                android:resource="@style/NormalTheme" />
34-->src\main\AndroidManifest.xml:20:15-52
35            <!--
36                 Displays an Android View that continues showing the launch screen
37                 Drawable until Flutter paints its first frame, then this splash
38                 screen fades out. A splash screen is useful to avoid any visual
39                 gap between the end of Android's launch screen and the painting of
40                 Flutter's first frame.
41            -->
42            <meta-data
42-->src\main\AndroidManifest.xml:27:13-30:17
43                android:name="io.flutter.embedding.android.SplashScreenDrawable"
43-->src\main\AndroidManifest.xml:28:15-79
44                android:resource="@drawable/launch_background" />
44-->src\main\AndroidManifest.xml:29:15-61
45
46            <intent-filter>
46-->src\main\AndroidManifest.xml:31:13-34:29
47                <action android:name="android.intent.action.MAIN" />
47-->src\main\AndroidManifest.xml:32:17-68
47-->src\main\AndroidManifest.xml:32:25-66
48
49                <category android:name="android.intent.category.LAUNCHER" />
49-->src\main\AndroidManifest.xml:33:17-76
49-->src\main\AndroidManifest.xml:33:27-74
50            </intent-filter>
51        </activity>
52        <!--
53             Don't delete the meta-data below.
54             This is used by the Flutter tool to generate GeneratedPluginRegistrant.java
55        -->
56        <meta-data
56-->src\main\AndroidManifest.xml:38:9-40:33
57            android:name="flutterEmbedding"
57-->src\main\AndroidManifest.xml:39:13-44
58            android:value="2" />
58-->src\main\AndroidManifest.xml:40:13-30
59        <!--
60            <uses-permission android:name="android.permission.WRITE_EXTERNAL_STORAGE" />
61            <uses-permission android:name="android.permission.READ_EXTERNAL_STORAGE" />
62            <uses-permission android:name="android.permission.CAMERA" />
63        -->
64
65        <provider
65-->[:image_picker] AndroidManifest.xml:8:9-16:20
66            android:name="io.flutter.plugins.imagepicker.ImagePickerFileProvider"
66-->[:image_picker] AndroidManifest.xml:9:13-82
67            android:authorities="com.example.appcsmju.flutter.image_provider"
67-->[:image_picker] AndroidManifest.xml:10:13-74
68            android:exported="false"
68-->[:image_picker] AndroidManifest.xml:11:13-37
69            android:grantUriPermissions="true" >
69-->[:image_picker] AndroidManifest.xml:12:13-47
70            <meta-data
70-->[:image_picker] AndroidManifest.xml:13:13-15:75
71                android:name="android.support.FILE_PROVIDER_PATHS"
71-->[:image_picker] AndroidManifest.xml:14:17-67
72                android:resource="@xml/flutter_image_picker_file_paths" />
72-->[:image_picker] AndroidManifest.xml:15:17-72
73        </provider>
74
75        <activity
75-->[:url_launcher_android] AndroidManifest.xml:8:9-11:74
76            android:name="io.flutter.plugins.urllauncher.WebViewActivity"
76-->[:url_launcher_android] AndroidManifest.xml:9:13-74
77            android:exported="false"
77-->[:url_launcher_android] AndroidManifest.xml:10:13-37
78            android:theme="@android:style/Theme.NoTitleBar.Fullscreen" />
78-->[:url_launcher_android] AndroidManifest.xml:11:13-71
79        <activity android:name="de.mintware.barcode_scan.BarcodeScannerActivity" />
79-->[:barcode_scan2] AndroidManifest.xml:10:9-84
79-->[:barcode_scan2] AndroidManifest.xml:10:19-81
80
81        <provider
81-->[com.sangcomz:FishBun:0.11.2] AndroidManifest.xml:12:9-20:20
82            android:name="com.sangcomz.fishbun.FishBunFileProvider"
82-->[com.sangcomz:FishBun:0.11.2] AndroidManifest.xml:13:13-68
83            android:authorities="com.example.appcsmju.fishbunfileprovider"
83-->[com.sangcomz:FishBun:0.11.2] AndroidManifest.xml:14:13-71
84            android:exported="false"
84-->[com.sangcomz:FishBun:0.11.2] AndroidManifest.xml:15:13-37
85            android:grantUriPermissions="true" >
85-->[com.sangcomz:FishBun:0.11.2] AndroidManifest.xml:16:13-47
86            <meta-data
86-->[:image_picker] AndroidManifest.xml:13:13-15:75
87                android:name="android.support.FILE_PROVIDER_PATHS"
87-->[:image_picker] AndroidManifest.xml:14:17-67
88                android:resource="@xml/provider_paths" />
88-->[:image_picker] AndroidManifest.xml:15:17-72
89        </provider>
90
91        <activity
91-->[com.sangcomz:FishBun:0.11.2] AndroidManifest.xml:22:9-25:51
92            android:name="com.sangcomz.fishbun.ui.album.AlbumActivity"
92-->[com.sangcomz:FishBun:0.11.2] AndroidManifest.xml:23:13-71
93            android:label="@string/album"
93-->[com.sangcomz:FishBun:0.11.2] AndroidManifest.xml:24:13-42
94            android:theme="@style/FishBunTheme" />
94-->[com.sangcomz:FishBun:0.11.2] AndroidManifest.xml:25:13-48
95        <activity
95-->[com.sangcomz:FishBun:0.11.2] AndroidManifest.xml:26:9-28:51
96            android:name="com.sangcomz.fishbun.ui.picker.PickerActivity"
96-->[com.sangcomz:FishBun:0.11.2] AndroidManifest.xml:27:13-73
97            android:theme="@style/FishBunTheme" />
97-->[com.sangcomz:FishBun:0.11.2] AndroidManifest.xml:28:13-48
98        <activity
98-->[com.sangcomz:FishBun:0.11.2] AndroidManifest.xml:29:9-31:54
99            android:name="com.sangcomz.fishbun.ui.detail.DetailActivity"
99-->[com.sangcomz:FishBun:0.11.2] AndroidManifest.xml:30:13-73
100            android:theme="@style/DetailViewTheme" />
100-->[com.sangcomz:FishBun:0.11.2] AndroidManifest.xml:31:13-51
101
102        <uses-library
102-->[androidx.window:window:1.0.0-beta04] AndroidManifest.xml:25:9-27:40
103            android:name="androidx.window.extensions"
103-->[androidx.window:window:1.0.0-beta04] AndroidManifest.xml:26:13-54
104            android:required="false" />
104-->[androidx.window:window:1.0.0-beta04] AndroidManifest.xml:27:13-37
105        <uses-library
105-->[androidx.window:window:1.0.0-beta04] AndroidManifest.xml:28:9-30:40
106            android:name="androidx.window.sidecar"
106-->[androidx.window:window:1.0.0-beta04] AndroidManifest.xml:29:13-51
107            android:required="false" />
107-->[androidx.window:window:1.0.0-beta04] AndroidManifest.xml:30:13-37
108    </application>
109
110</manifest>